[17:52:52] [Server thread/INFO]: Starting minecraft server version 1.14.4
[17:52:52] [Server thread/INFO]: Loading properties
[17:52:52] [Server thread/INFO]: Default game type: ADVENTURE
[17:52:52] [Server thread/INFO]: Generating keypair
[17:52:52] [Server thread/INFO]: Starting Minecraft server on *:7777
[17:52:52] [Server thread/INFO]: Using default channel type
[17:52:53] [Server thread/INFO]: This server is running CraftBukkit version git-Bukkit-3e3818b (MC: 1.14.4) (Implementing API version 1.14.4-R0.1-SNAPSHOT)
[17:53:05] [Server thread/INFO]: [Citizens] Loading Citizens v2.0.25-SNAPSHOT (build 1781)
[17:53:05] [Server thread/WARN]: **** SERVER IS RUNNING IN OFFLINE/INSECURE MODE!
[17:53:05] [Server thread/WARN]: The server will make no attempt to authenticate usernames. Beware.
[17:53:05] [Server thread/WARN]: While this makes the game possible to play without internet access, it also opens up the ability for hackers to connect with any username they choose.
[17:53:05] [Server thread/WARN]: To change this, set "online-mode" to "true" in the server.properties file.
[17:53:05] [Server thread/INFO]: Preparing level "world"
[17:53:06] [Server thread/INFO]: Reloading ResourceManager: Default, bukkit
[17:53:07] [Server thread/INFO]: Loaded 6 recipes
[17:53:08] [Server thread/INFO]: Preparing start region for dimension 'world'/minecraft:overworld
[17:53:09] [Server thread/INFO]: Preparing spawn area: 0%
[17:53:09] [Server thread/INFO]: Preparing spawn area: 0%
[17:53:09] [Server thread/INFO]: Preparing spawn area: 0%
[17:53:10] [Server thread/INFO]: Preparing spawn area: 4%
[17:53:10] [Server thread/INFO]: Preparing spawn area: 71%
[17:53:10] [Server thread/INFO]: Time elapsed: 2215 ms
[17:53:10] [Server thread/INFO]: Preparing start region for dimension 'world_nether'/minecraft:the_nether
[17:53:17] [Server thread/INFO]: Preparing spawn area: 0%
[17:53:17] [Server thread/INFO]: Preparing spawn area: 0%
[17:53:17] [Server thread/INFO]: Preparing spawn area: 0%
[17:53:17] [Server thread/INFO]: Preparing spawn area: 0%
[17:53:17] [Server thread/INFO]: Preparing spawn area: 0%
[17:53:17] [Server thread/INFO]: Preparing spawn area: 0%
[17:53:17] [Server thread/INFO]: Preparing spawn area: 0%
[17:53:17] [Server thread/INFO]: Preparing spawn area: 0%
[17:53:17] [Server thread/INFO]: Preparing spawn area: 0%
[17:53:17] [Server thread/INFO]: Preparing spawn area: 0%
[17:53:17] [Server thread/INFO]: Preparing spawn area: 0%
[17:53:17] [Server thread/INFO]: Preparing spawn area: 0%
[17:53:17] [Server thread/INFO]: Preparing spawn area: 0%
[17:53:17] [Server thread/INFO]: Preparing spawn area: 0%
[17:53:17] [Server-Worker-6/INFO]: Preparing spawn area: 28%
[17:53:18] [Server-Worker-3/INFO]: Preparing spawn area: 83%
[17:53:18] [Server-Worker-5/INFO]: Preparing spawn area: 83%
[17:53:19] [Server-Worker-5/INFO]: Preparing spawn area: 83%
[17:53:19] [Server-Worker-4/INFO]: Preparing spawn area: 83%
[17:53:20] [Server-Worker-4/INFO]: Preparing spawn area: 83%
[17:53:20] [Server-Worker-5/INFO]: Preparing spawn area: 83%
[17:53:21] [Server-Worker-5/INFO]: Preparing spawn area: 83%
[17:53:21] [Server-Worker-7/INFO]: Preparing spawn area: 83%
[17:53:22] [Server-Worker-6/INFO]: Preparing spawn area: 83%
[17:53:22] [Server-Worker-1/INFO]: Preparing spawn area: 93%
[17:53:23] [Server thread/INFO]: Time elapsed: 12381 ms
[17:53:23] [Server thread/INFO]: Preparing start region for dimension 'world_the_end'/minecraft:the_end
[17:53:23] [Server thread/INFO]: Preparing spawn area: 0%
[17:53:23] [Server thread/INFO]: Preparing spawn area: 0%
[17:53:24] [Server-Worker-1/INFO]: Preparing spawn area: 83%
[17:53:24] [Server-Worker-8/INFO]: Preparing spawn area: 83%
[17:53:24] [Server thread/INFO]: Time elapsed: 1751 ms
[17:53:24] [Server thread/INFO]: [Citizens] Enabling Citizens v2.0.25-SNAPSHOT (build 1781)
[17:53:25] [Server thread/ERROR]: [Citizens] Missing translation for system language (ru_RU): defaulting to English
[17:53:25] [Server thread/INFO]: [Citizens] Cracked by LegitSpigot@blackspigot.com      
[17:53:25] [Server thread/INFO]: [Citizens] Unable to use economy handling. Has Vault been enabled?
[17:53:25] [Server thread/INFO]: Server permissions file permissions.yml is empty, ignoring it
[17:53:25] [Server thread/INFO]: Done (19.910s)! For help, type "help"
[17:53:25] [Server thread/INFO]: [Citizens] Loaded 0 NPCs.
